<?xml version="1.0" encoding="UTF-8"?>
<testng-results ignored="0" total="2" passed="2" failed="0" skipped="0">
  <reporter-output>
  </reporter-output>
  <suite started-at="2024-12-16T22:48:25 IST" name="Suite" finished-at="2024-12-16T22:48:25 IST" duration-ms="51">
    <groups>
    </groups>
    <test started-at="2024-12-16T22:48:25 IST" name="Test" finished-at="2024-12-16T22:48:25 IST" duration-ms="51">
      <class name="tests.Test1">
        <test-method signature="method1()[pri:0, instance:tests.Test1@28f3b248]" started-at="2024-12-16T22:48:25 IST" name="method1" finished-at="2024-12-16T22:48:25 IST" duration-ms="9" status="PASS">
          <reporter-output>
          </reporter-output>
        </test-method> <!-- method1 -->
        <test-method signature="method2()[pri:0, instance:tests.Test1@28f3b248]" started-at="2024-12-16T22:48:25 IST" name="method2" finished-at="2024-12-16T22:48:25 IST" duration-ms="1" status="PASS">
          <reporter-output>
          </reporter-output>
        </test-method> <!-- method2 -->
      </class> <!-- tests.Test1 -->
    </test> <!-- Test -->
  </suite> <!-- Suite -->
</testng-results>
